branching open on 1 -------------
branching open on 3 -------------
basecase reached-------------------------
basecase reached-------------------------
calling comparison of
a [1] true
b [1] false
c [2] true
d [3] true
and
a [1] true
b [1] false
c [2] true
d [4] true
-------------
sum a = 5 sum b = 5 a won
result
a [1] true
b [1] false
c [2] true
d [3] true
basecase reached-------------------------
calling comparison of
a [1] true
b [1] false
c [2] true
d [3] true
and
a [1] true
b [1] false
c [2] true
d [5] true
-------------
sum a = 5 sum b = 5 a won
result
a [1] true
b [1] false
c [2] true
d [3] true
basecase reached-------------------------
calling comparison of
a [1] true
b [1] false
c [2] true
d [3] true
and
a [1] true
b [1] false
c [2] true
d [6] true
-------------
sum a = 5 sum b = 5 a won
result
a [1] true
b [1] false
c [2] true
d [3] true
branching close on 3 -------------
branching open on 3 -------------
basecase reached-------------------------
basecase reached-------------------------
calling comparison of
a [1] true
b [2] true
c [2] false
d [3] true
and
a [1] true
b [2] true
c [2] false
d [4] true
-------------
sum a = 4 sum b = 4 a won
result
a [1] true
b [2] true
c [2] false
d [3] true
basecase reached-------------------------
calling comparison of
a [1] true
b [2] true
c [2] false
d [3] true
and
a [1] true
b [2] true
c [2] false
d [5] true
-------------
sum a = 4 sum b = 4 a won
result
a [1] true
b [2] true
c [2] false
d [3] true
basecase reached-------------------------
calling comparison of
a [1] true
b [2] true
c [2] false
d [3] true
and
a [1] true
b [2] true
c [2] false
d [6] true
-------------
sum a = 4 sum b = 4 a won
result
a [1] true
b [2] true
c [2] false
d [3] true
branching close on 3 -------------
calling comparison of
a [1] true
b [1] false
c [2] false
d [3] true
and
a [1] true
b [2] true
c [2] false
d [3] true
-------------
sum a = 3 sum b = 4 b won
result
a [1] true
b [2] true
c [2] false
d [3] true
branching close on 1 -------------
---Course schedule---
a [1] true
b [2] true
c [2] false
